2022-11-09 22:05:22,915	INFO	预约成功
2024-02-12 22:12:46,501	INFO	存在黑名单用户，不可执行预约操作
2024-02-12 22:12:46,501	ERROR	An error occurred: 存在黑名单用户，不可执行预约操作
2024-02-13 22:15:21,073	INFO	预约成功
2024-02-14 22:13:13,470	INFO	预约成功
2024-02-15 22:13:20,058	INFO	预约成功<br/>您已违约1次,详情请登录web端或联系管理员
2024-02-16 22:13:11,887	INFO	预约成功<br/>您已违约2次,详情请登录web端或联系管理员
2024-02-17 22:14:19,159	INFO	存在黑名单用户，不可执行预约操作
2024-02-17 22:14:19,159	ERROR	An error occurred: 存在黑名单用户，不可执行预约操作
2024-02-18 22:14:27,598	INFO	存在黑名单用户，不可执行预约操作
2024-02-18 22:14:27,599	ERROR	An error occurred: 存在黑名单用户，不可执行预约操作
2024-02-19 22:13:53,757	INFO	存在黑名单用户，不可执行预约操作
2024-02-19 22:13:53,757	ERROR	An error occurred: 存在黑名单用户，不可执行预约操作
2024-02-20 22:13:07,099	INFO	预约成功
2024-02-21 22:12:51,828	INFO	当前用户在该时段已存在预约，不可重复预约
2024-02-21 22:12:51,828	ERROR	An error occurred: 当前用户在该时段已存在预约，不可重复预约
2024-02-22 22:13:06,382	INFO	当前用户在该时段已存在预约，不可重复预约
2024-02-22 22:13:06,382	ERROR	An error occurred: 当前用户在该时段已存在预约，不可重复预约
2024-02-23 22:12:44,492	INFO	当前用户在该时段已存在预约，不可重复预约
2024-02-23 22:12:44,492	ERROR	An error occurred: 当前用户在该时段已存在预约，不可重复预约
2024-02-24 22:13:05,445	INFO	存在黑名单用户，不可执行预约操作
2024-02-24 22:13:05,445	ERROR	An error occurred: 存在黑名单用户，不可执行预约操作
2024-02-25 22:13:24,061	INFO	存在黑名单用户，不可执行预约操作
2024-02-25 22:13:24,061	ERROR	An error occurred: 存在黑名单用户，不可执行预约操作
2024-02-26 22:14:19,767	INFO	存在黑名单用户，不可执行预约操作
2024-02-26 22:14:19,767	ERROR	An error occurred: 存在黑名单用户，不可执行预约操作
2024-02-27 22:14:43,160	INFO	当前用户在该时段已存在预约，不可重复预约
2024-02-27 22:14:43,160	ERROR	An error occurred: 当前用户在该时段已存在预约，不可重复预约
2024-02-28 22:12:44,826	INFO	当前用户在该时段已存在预约，不可重复预约
2024-02-28 22:12:44,826	ERROR	An error occurred: 当前用户在该时段已存在预约，不可重复预约
2024-02-29 22:12:39,003	INFO	当前用户在该时段已存在预约，不可重复预约
2024-02-29 22:12:39,003	ERROR	An error occurred: 当前用户在该时段已存在预约，不可重复预约
2024-03-01 22:12:59,895	INFO	当前用户在该时段已存在预约，不可重复预约
2024-03-01 22:12:59,895	ERROR	An error occurred: 当前用户在该时段已存在预约，不可重复预约
2024-03-02 22:13:12,248	INFO	存在黑名单用户，不可执行预约操作
2024-03-02 22:13:12,248	ERROR	An error occurred: 存在黑名单用户，不可执行预约操作
2024-03-03 22:12:13,675	INFO	存在黑名单用户，不可执行预约操作
2024-03-03 22:12:13,675	ERROR	An error occurred: 存在黑名单用户，不可执行预约操作
2024-03-04 22:12:42,275	INFO	存在黑名单用户，不可执行预约操作
2024-03-04 22:12:42,276	ERROR	An error occurred: 存在黑名单用户，不可执行预约操作
2024-03-05 22:12:59,430	INFO	当前用户在该时段已存在预约，不可重复预约
2024-03-05 22:12:59,430	ERROR	An error occurred: 当前用户在该时段已存在预约，不可重复预约
2024-03-06 22:14:00,591	INFO	当前用户在该时段已存在预约，不可重复预约
2024-03-06 22:14:00,591	ERROR	An error occurred: 当前用户在该时段已存在预约，不可重复预约
2024-03-07 22:13:10,850	INFO	当前用户在该时段已存在预约，不可重复预约
2024-03-07 22:13:10,850	ERROR	An error occurred: 当前用户在该时段已存在预约，不可重复预约
2024-03-08 22:14:57,581	INFO	当前用户在该时段已存在预约，不可重复预约
2024-03-08 22:14:57,581	ERROR	An error occurred: 当前用户在该时段已存在预约，不可重复预约
2024-03-09 22:13:58,997	INFO	存在黑名单用户，不可执行预约操作
2024-03-09 22:13:58,997	ERROR	An error occurred: 存在黑名单用户，不可执行预约操作
2024-03-10 22:14:07,697	INFO	存在黑名单用户，不可执行预约操作
2024-03-10 22:14:07,697	ERROR	An error occurred: 存在黑名单用户，不可执行预约操作
2026-01-07 01:49:20,778	INFO	该空间当前状态不可预约
2026-01-07 01:49:20,779	ERROR	An error occurred: 该空间当前状态不可预约
2026-01-07 04:03:36,580	INFO	由于您长时间未操作，正在重新登录
2026-01-07 04:03:36,580	ERROR	An error occurred: 由于您长时间未操作，正在重新登录
2026-01-07 04:07:01,815	INFO	该空间当前状态不可预约
2026-01-07 04:07:01,816	ERROR	An error occurred: 该空间当前状态不可预约
2026-01-07 04:10:30,624	INFO	该空间当前状态不可预约
2026-01-07 04:10:30,624	ERROR	An error occurred: 该空间当前状态不可预约
2026-01-07 04:13:10,793	ERROR	An error occurred: 'access_token'
2026-01-07 04:18:01,620	INFO	该空间当前状态不可预约
2026-01-07 04:18:01,620	ERROR	An error occurred: 该空间当前状态不可预约
2026-01-07 22:28:39,107	INFO	该空间当前状态不可预约
2026-01-07 22:28:39,107	ERROR	An error occurred: 该空间当前状态不可预约
2026-01-08 21:53:36,386	ERROR	An error occurred: Unexpected UTF-8 BOM (decode using utf-8-sig): line 1 column 1 (char 0)
2026-01-08 22:15:02,756	INFO	该空间当前状态不可预约
2026-01-08 22:15:02,757	ERROR	An error occurred: 该空间当前状态不可预约
2026-01-09 21:52:47,892	ERROR	An error occurred: Unexpected UTF-8 BOM (decode using utf-8-sig): line 1 column 1 (char 0)
2026-01-09 21:58:52,077	INFO	预约失败，最新一天的系统开始预约时间为：06:00
2026-01-09 21:58:52,077	ERROR	An error occurred: 预约失败，最新一天的系统开始预约时间为：06:00
2026-01-10 21:52:12,798	INFO	预约失败，最新一天的系统开始预约时间为：06:00
2026-01-10 21:52:12,799	ERROR	An error occurred: 预约失败，最新一天的系统开始预约时间为：06:00
2026-01-10 21:58:41,667	INFO	预约失败，最新一天的系统开始预约时间为：06:00
2026-01-10 21:58:41,667	ERROR	An error occurred: 预约失败，最新一天的系统开始预约时间为：06:00
2026-01-11 21:51:33,569	ERROR	An error occurred: Unexpected UTF-8 BOM (decode using utf-8-sig): line 1 column 1 (char 0)
2026-01-11 21:58:03,492	INFO	预约失败，最新一天的系统开始预约时间为：06:00
2026-01-11 21:58:03,492	ERROR	An error occurred: 预约失败，最新一天的系统开始预约时间为：06:00
2026-01-12 21:53:41,080	INFO	预约失败，最新一天的系统开始预约时间为：06:00
2026-01-12 21:53:41,080	ERROR	An error occurred: 预约失败，最新一天的系统开始预约时间为：06:00
2026-01-12 21:59:55,545	INFO	预约失败，最新一天的系统开始预约时间为：06:00
2026-01-12 21:59:55,545	ERROR	An error occurred: 预约失败，最新一天的系统开始预约时间为：06:00
2026-01-13 21:53:51,276	INFO	预约失败，最新一天的系统开始预约时间为：06:00
2026-01-13 21:53:51,276	ERROR	An error occurred: 预约失败，最新一天的系统开始预约时间为：06:00
2026-01-13 22:00:06,088	INFO	预约成功<br/>您已违约1次,详情请登录web端或联系管理员
2026-01-14 21:54:18,889	ERROR	An error occurred: Unexpected UTF-8 BOM (decode using utf-8-sig): line 1 column 1 (char 0)
2026-01-14 22:00:43,845	INFO	预约成功<br/>您已违约1次,详情请登录web端或联系管理员
2026-01-15 21:53:20,725	INFO	预约失败，最新一天的系统开始预约时间为：06:00
2026-01-15 21:53:20,725	ERROR	An error occurred: 预约失败，最新一天的系统开始预约时间为：06:00
2026-01-15 21:59:27,367	INFO	预约失败，最新一天的系统开始预约时间为：06:00
2026-01-15 21:59:27,367	ERROR	An error occurred: 预约失败，最新一天的系统开始预约时间为：06:00
2026-01-16 21:53:28,178	INFO	预约失败，最新一天的系统开始预约时间为：06:00
2026-01-16 21:53:28,178	ERROR	An error occurred: 预约失败，最新一天的系统开始预约时间为：06:00
2026-01-16 21:59:37,894	INFO	预约失败，最新一天的系统开始预约时间为：06:00
2026-01-16 21:59:37,894	ERROR	An error occurred: 预约失败，最新一天的系统开始预约时间为：06:00
2026-01-17 21:51:52,552	ERROR	An error occurred: Unexpected UTF-8 BOM (decode using utf-8-sig): line 1 column 1 (char 0)
2026-01-17 21:58:11,289	INFO	预约失败，最新一天的系统开始预约时间为：06:00
2026-01-17 21:58:11,289	ERROR	An error occurred: 预约失败，最新一天的系统开始预约时间为：06:00
2026-01-18 21:52:25,784	INFO	预约失败，最新一天的系统开始预约时间为：06:00
2026-01-18 21:52:25,784	ERROR	An error occurred: 预约失败，最新一天的系统开始预约时间为：06:00
2026-01-18 21:58:20,977	INFO	预约失败，最新一天的系统开始预约时间为：06:00
2026-01-18 21:58:20,977	ERROR	An error occurred: 预约失败，最新一天的系统开始预约时间为：06:00
2026-01-19 21:52:32,006	INFO	预约失败，最新一天的系统开始预约时间为：06:00
2026-01-19 21:52:32,006	ERROR	An error occurred: 预约失败，最新一天的系统开始预约时间为：06:00
2026-01-19 21:58:27,510	INFO	预约失败，最新一天的系统开始预约时间为：06:00
2026-01-19 21:58:27,510	ERROR	An error occurred: 预约失败，最新一天的系统开始预约时间为：06:00
2026-01-20 21:52:31,887	ERROR	An error occurred: Unexpected UTF-8 BOM (decode using utf-8-sig): line 1 column 1 (char 0)
2026-01-20 21:59:17,879	INFO	预约失败，最新一天的系统开始预约时间为：06:00
2026-01-20 21:59:17,879	ERROR	An error occurred: 预约失败，最新一天的系统开始预约时间为：06:00
2026-01-21 21:58:59,094	INFO	预约失败，最新一天的系统开始预约时间为：06:00
2026-01-21 21:58:59,094	ERROR	An error occurred: 预约失败，最新一天的系统开始预约时间为：06:00
2026-01-22 21:56:41,906	INFO	预约失败，最新一天的系统开始预约时间为：06:00
2026-01-22 21:56:41,906	ERROR	An error occurred: 预约失败，最新一天的系统开始预约时间为：06:00
2026-01-23 21:53:37,390	INFO	预约失败，最新一天的系统开始预约时间为：06:00
2026-01-23 21:53:37,390	ERROR	An error occurred: 预约失败，最新一天的系统开始预约时间为：06:00
2026-01-23 22:00:01,946	INFO	预约成功<br/>您已违约1次,详情请登录web端或联系管理员
2026-01-24 21:52:14,339	ERROR	An error occurred: Unexpected UTF-8 BOM (decode using utf-8-sig): line 1 column 1 (char 0)
2026-01-24 21:58:34,979	INFO	预约失败，最新一天的系统开始预约时间为：06:00
2026-01-24 21:58:34,979	ERROR	An error occurred: 预约失败，最新一天的系统开始预约时间为：06:00
2026-01-25 21:52:29,816	INFO	预约失败，最新一天的系统开始预约时间为：06:00
2026-01-25 21:52:29,817	ERROR	An error occurred: 预约失败，最新一天的系统开始预约时间为：06:00
2026-01-25 21:58:55,570	INFO	预约失败，最新一天的系统开始预约时间为：06:00
2026-01-25 21:58:55,570	ERROR	An error occurred: 预约失败，最新一天的系统开始预约时间为：06:00
2026-01-26 21:56:35,927	INFO	预约失败，最新一天的系统开始预约时间为：06:00
2026-01-26 21:56:35,927	ERROR	An error occurred: 预约失败，最新一天的系统开始预约时间为：06:00
2026-01-27 21:53:43,414	INFO	预约失败，最新一天的系统开始预约时间为：06:00
2026-01-27 21:53:43,414	ERROR	An error occurred: 预约失败，最新一天的系统开始预约时间为：06:00
2026-01-27 21:59:48,461	INFO	预约失败，最新一天的系统开始预约时间为：06:00
2026-01-27 21:59:48,461	ERROR	An error occurred: 预约失败，最新一天的系统开始预约时间为：06:00
2026-01-28 22:00:09,271	INFO	预约成功<br/>您已违约1次,详情请登录web端或联系管理员
2026-01-29 22:00:01,085	INFO	预约成功<br/>您已违约1次,详情请登录web端或联系管理员
2026-01-30 21:56:15,792	INFO	参数错误
2026-01-30 21:56:15,792	ERROR	An error occurred: 参数错误
2026-01-31 21:55:10,658	INFO	参数错误
2026-01-31 21:55:10,659	ERROR	An error occurred: 参数错误
2026-01-31 22:02:06,322	INFO	参数错误
2026-01-31 22:02:06,322	ERROR	An error occurred: 参数错误
2026-02-01 21:56:27,894	INFO	参数错误
2026-02-01 21:56:27,895	ERROR	An error occurred: 参数错误
2026-02-03 22:05:14,176	INFO	参数错误
2026-02-03 22:05:14,176	ERROR	An error occurred: 参数错误
2026-02-04 21:59:25,639	INFO	参数错误
2026-02-04 21:59:25,639	ERROR	An error occurred: 参数错误
2026-02-05 22:00:24,760	INFO	参数错误
2026-02-05 22:00:24,760	ERROR	An error occurred: 参数错误
2026-02-06 21:58:02,391	INFO	参数错误
2026-02-06 21:58:02,391	ERROR	An error occurred: 参数错误
2026-02-07 21:58:47,037	INFO	参数错误
2026-02-07 21:58:47,038	ERROR	An error occurred: 参数错误
2026-02-08 21:59:47,523	INFO	参数错误
2026-02-08 21:59:47,523	ERROR	An error occurred: 参数错误
2026-02-09 22:20:46,468	INFO	参数错误
2026-02-09 22:20:46,468	ERROR	An error occurred: 参数错误
2026-02-10 22:24:26,320	INFO	参数错误
2026-02-10 22:24:26,320	ERROR	An error occurred: 参数错误
2026-02-11 22:04:05,007	INFO	参数错误
2026-02-11 22:04:05,007	ERROR	An error occurred: 参数错误
2026-02-12 22:03:29,465	INFO	参数错误
2026-02-12 22:03:29,465	ERROR	An error occurred: 参数错误
2026-02-13 22:04:59,205	INFO	参数错误
2026-02-13 22:04:59,205	ERROR	An error occurred: 参数错误
2026-02-14 21:57:14,515	INFO	参数错误
2026-02-14 21:57:14,515	ERROR	An error occurred: 参数错误
2026-02-15 21:57:46,460	INFO	参数错误
2026-02-15 21:57:46,461	ERROR	An error occurred: 参数错误
2026-02-16 22:00:23,617	INFO	参数错误
2026-02-16 22:00:23,617	ERROR	An error occurred: 参数错误
2026-02-17 22:02:25,065	INFO	参数错误
2026-02-17 22:02:25,065	ERROR	An error occurred: 参数错误
2026-02-18 22:04:53,454	INFO	参数错误
2026-02-18 22:04:53,454	ERROR	An error occurred: 参数错误
2026-02-19 22:03:13,830	INFO	参数错误
2026-02-19 22:03:13,830	ERROR	An error occurred: 参数错误
2026-02-20 21:57:56,182	INFO	参数错误
2026-02-20 21:57:56,182	ERROR	An error occurred: 参数错误
2026-02-21 21:56:36,200	INFO	参数错误
2026-02-21 21:56:36,200	ERROR	An error occurred: 参数错误
2026-02-22 21:57:28,680	INFO	参数错误
2026-02-22 21:57:28,680	ERROR	An error occurred: 参数错误
2026-02-23 22:27:29,040	INFO	参数错误
2026-02-23 22:27:29,040	ERROR	An error occurred: 参数错误
2026-02-24 22:05:06,061	INFO	参数错误
2026-02-24 22:05:06,062	ERROR	An error occurred: 参数错误
2026-02-25 22:02:51,365	INFO	参数错误
2026-02-25 22:02:51,365	ERROR	An error occurred: 参数错误
2026-02-26 22:03:30,721	INFO	预约成功<br/>您已违约1次,详情请登录web端或联系管理员
2026-02-27 21:59:26,731	INFO	预约失败，最新一天的系统开始预约时间为：06:00
2026-02-27 21:59:26,731	ERROR	An error occurred: 预约失败，最新一天的系统开始预约时间为：06:00
2026-02-28 21:53:19,731	ERROR	An error occurred: Unexpected UTF-8 BOM (decode using utf-8-sig): line 1 column 1 (char 0)
2026-02-28 21:59:50,727	INFO	预约失败，最新一天的系统开始预约时间为：06:00
2026-02-28 21:59:50,727	ERROR	An error occurred: 预约失败，最新一天的系统开始预约时间为：06:00
2026-03-01 21:55:02,392	INFO	预约失败，最新一天的系统开始预约时间为：06:00
2026-03-01 21:55:02,392	ERROR	An error occurred: 预约失败，最新一天的系统开始预约时间为：06:00
2026-03-01 22:01:43,094	INFO	预约成功<br/>您已违约1次,详情请登录web端或联系管理员
